Determining if the pthread_create exist failed with the following output:
Change Dir: /home/ruoyo/WTR/wtr_chassis/catkin_ws/src/launching/cmake-build-debug/CMakeFiles/CMakeTmp

Run Build Command:"/usr/bin/make" "cmTC_8d4ae/fast"
/usr/bin/make -f CMakeFiles/cmTC_8d4ae.dir/build.make CMakeFiles/cmTC_8d4ae.dir/build
make[1]: Entering directory '/home/ruoyo/WTR/wtr_chassis/catkin_ws/src/launching/cmake-build-debug/CMakeFiles/CMakeTmp'
Building C object CMakeFiles/cmTC_8d4ae.dir/CheckSymbolExists.c.o
/usr/bin/cc     -o CMakeFiles/cmTC_8d4ae.dir/CheckSymbolExists.c.o   -c /home/ruoyo/WTR/wtr_chassis/catkin_ws/src/launching/cmake-build-debug/CMakeFiles/CMakeTmp/CheckSymbolExists.c
Linking C executable cmTC_8d4ae
/usr/bin/cmake -E cmake_link_script CMakeFiles/cmTC_8d4ae.dir/link.txt --verbose=1
/usr/bin/cc       CMakeFiles/cmTC_8d4ae.dir/CheckSymbolExists.c.o  -o cmTC_8d4ae -rdynamic 
CMakeFiles/cmTC_8d4ae.dir/CheckSymbolExists.c.o：在函数‘main’中：
CheckSymbolExists.c:(.text+0x16)：对‘pthread_create’未定义的引用
collect2: error: ld returned 1 exit status
CMakeFiles/cmTC_8d4ae.dir/build.make:97: recipe for target 'cmTC_8d4ae' failed
make[1]: *** [cmTC_8d4ae] Error 1
make[1]: Leaving directory '/home/ruoyo/WTR/wtr_chassis/catkin_ws/src/launching/cmake-build-debug/CMakeFiles/CMakeTmp'
Makefile:126: recipe for target 'cmTC_8d4ae/fast' failed
make: *** [cmTC_8d4ae/fast] Error 2

File /home/ruoyo/WTR/wtr_chassis/catkin_ws/src/launching/cmake-build-debug/CMakeFiles/CMakeTmp/CheckSymbolExists.c:
/* */
#include <pthread.h>

int main(int argc, char** argv)
{
  (void)argv;
#ifndef pthread_create
  return ((int*)(&pthread_create))[argc];
#else
  (void)argc;
  return 0;
#endif
}

Determining if the function pthread_create exists in the pthreads failed with the following output:
Change Dir: /home/ruoyo/WTR/wtr_chassis/catkin_ws/src/launching/cmake-build-debug/CMakeFiles/CMakeTmp

Run Build Command:"/usr/bin/make" "cmTC_30029/fast"
/usr/bin/make -f CMakeFiles/cmTC_30029.dir/build.make CMakeFiles/cmTC_30029.dir/build
make[1]: Entering directory '/home/ruoyo/WTR/wtr_chassis/catkin_ws/src/launching/cmake-build-debug/CMakeFiles/CMakeTmp'
Building C object CMakeFiles/cmTC_30029.dir/CheckFunctionExists.c.o
/usr/bin/cc    -DCHECK_FUNCTION_EXISTS=pthread_create   -o CMakeFiles/cmTC_30029.dir/CheckFunctionExists.c.o   -c /usr/share/cmake-3.5/Modules/CheckFunctionExists.c
Linking C executable cmTC_30029
/usr/bin/cmake -E cmake_link_script CMakeFiles/cmTC_30029.dir/link.txt --verbose=1
/usr/bin/cc   -DCHECK_FUNCTION_EXISTS=pthread_create    CMakeFiles/cmTC_30029.dir/CheckFunctionExists.c.o  -o cmTC_30029 -rdynamic -lpthreads 
/usr/bin/ld: 找不到 -lpthreads
collect2: error: ld returned 1 exit status
CMakeFiles/cmTC_30029.dir/build.make:97: recipe for target 'cmTC_30029' failed
make[1]: *** [cmTC_30029] Error 1
make[1]: Leaving directory '/home/ruoyo/WTR/wtr_chassis/catkin_ws/src/launching/cmake-build-debug/CMakeFiles/CMakeTmp'
Makefile:126: recipe for target 'cmTC_30029/fast' failed
make: *** [cmTC_30029/fast] Error 2


