Performing C SOURCE FILE Test CMAKE_HAVE_LIBC_PTHREAD failed with the following output:
Change Dir: /home/kevin/WTR/Share/share_test_ws/src/chassis/wtr_canbus/wtr_usb2ros/cmake-build-debug/CMakeFiles/CMakeTmp

Run Build Command(s):/usr/bin/make cmTC_70be1/fast && /usr/bin/make -f CMakeFiles/cmTC_70be1.dir/build.make CMakeFiles/cmTC_70be1.dir/build
make[1]: Entering directory '/home/kevin/WTR/Share/share_test_ws/src/chassis/wtr_canbus/wtr_usb2ros/cmake-build-debug/CMakeFiles/CMakeTmp'
Building C object CMakeFiles/cmTC_70be1.dir/src.c.o
/usr/bin/cc   -DCMAKE_HAVE_LIBC_PTHREAD   -o CMakeFiles/cmTC_70be1.dir/src.c.o   -c /home/kevin/WTR/Share/share_test_ws/src/chassis/wtr_canbus/wtr_usb2ros/cmake-build-debug/CMakeFiles/CMakeTmp/src.c
Linking C executable cmTC_70be1
/home/kevin/Apps/Clion/bin/cmake/linux/bin/cmake -E cmake_link_script CMakeFiles/cmTC_70be1.dir/link.txt --verbose=1
/usr/bin/cc  -DCMAKE_HAVE_LIBC_PTHREAD    -rdynamic CMakeFiles/cmTC_70be1.dir/src.c.o  -o cmTC_70be1 
CMakeFiles/cmTC_70be1.dir/src.c.o: In function `main':
src.c:(.text+0x3e): undefined reference to `pthread_create'
src.c:(.text+0x4a): undefined reference to `pthread_detach'
src.c:(.text+0x5b): undefined reference to `pthread_join'
src.c:(.text+0x6f): undefined reference to `pthread_atfork'
collect2: error: ld returned 1 exit status
CMakeFiles/cmTC_70be1.dir/build.make:86: recipe for target 'cmTC_70be1' failed
make[1]: *** [cmTC_70be1] Error 1
make[1]: Leaving directory '/home/kevin/WTR/Share/share_test_ws/src/chassis/wtr_canbus/wtr_usb2ros/cmake-build-debug/CMakeFiles/CMakeTmp'
Makefile:121: recipe for target 'cmTC_70be1/fast' failed
make: *** [cmTC_70be1/fast] Error 2


Source file was:
#include <pthread.h>

void* test_func(void* data)
{
  return data;
}

int main(void)
{
  pthread_t thread;
  pthread_create(&thread, NULL, test_func, NULL);
  pthread_detach(thread);
  pthread_join(thread, NULL);
  pthread_atfork(NULL, NULL, NULL);
  pthread_exit(NULL);

  return 0;
}

Determining if the function pthread_create exists in the pthreads failed with the following output:
Change Dir: /home/kevin/WTR/Share/share_test_ws/src/chassis/wtr_canbus/wtr_usb2ros/cmake-build-debug/CMakeFiles/CMakeTmp

Run Build Command(s):/usr/bin/make cmTC_edf52/fast && /usr/bin/make -f CMakeFiles/cmTC_edf52.dir/build.make CMakeFiles/cmTC_edf52.dir/build
make[1]: Entering directory '/home/kevin/WTR/Share/share_test_ws/src/chassis/wtr_canbus/wtr_usb2ros/cmake-build-debug/CMakeFiles/CMakeTmp'
Building C object CMakeFiles/cmTC_edf52.dir/CheckFunctionExists.c.o
/usr/bin/cc   -DCHECK_FUNCTION_EXISTS=pthread_create   -o CMakeFiles/cmTC_edf52.dir/CheckFunctionExists.c.o   -c /home/kevin/Apps/Clion/bin/cmake/linux/share/cmake-3.16/Modules/CheckFunctionExists.c
Linking C executable cmTC_edf52
/home/kevin/Apps/Clion/bin/cmake/linux/bin/cmake -E cmake_link_script CMakeFiles/cmTC_edf52.dir/link.txt --verbose=1
/usr/bin/cc  -DCHECK_FUNCTION_EXISTS=pthread_create    -rdynamic CMakeFiles/cmTC_edf52.dir/CheckFunctionExists.c.o  -o cmTC_edf52  -lpthreads 
/usr/bin/ld: cannot find -lpthreads
collect2: error: ld returned 1 exit status
CMakeFiles/cmTC_edf52.dir/build.make:86: recipe for target 'cmTC_edf52' failed
make[1]: *** [cmTC_edf52] Error 1
make[1]: Leaving directory '/home/kevin/WTR/Share/share_test_ws/src/chassis/wtr_canbus/wtr_usb2ros/cmake-build-debug/CMakeFiles/CMakeTmp'
Makefile:121: recipe for target 'cmTC_edf52/fast' failed
make: *** [cmTC_edf52/fast] Error 2



